<?xml version="1.0" encoding="UTF-8"?>
<!-- Generated by org.testng.reporters.JUnitXMLReporter -->
<testsuite hostname="optiplex003-PC" ignored="0" name="Command line test" tests="1" failures="1" timestamp="04 Oct 2019 10:33:42 GMT" time="41.857" errors="0">
  <testcase name="tncTestSuite" time="40.557" classname="com.radiant.microservices.testsuites.TNCTest">
    <failure type="java.lang.Exception" message="Test case Failed">
      <![CDATA[java.lang.Exception: Test case Failed
at com.radiant.microservices.testsuites.TNCTest.tncTestSuite(TNCTest.java:61)
... Removed 35 stack frames]]>
    </failure>
  </testcase> <!-- tncTestSuite -->
</testsuite> <!-- Command line test -->
